#
# There is insufficient memory for the Java Runtime Environment to continue.
# Native memory allocation (malloc) failed to allocate 1743376 bytes. Error detail: Chunk::new
# Possible reasons:
#   The system is out of physical RAM or swap space
#   This process is running with CompressedOops enabled, and the Java Heap may be blocking the growth of the native heap
# Possible solutions:
#   Reduce memory load on the system
#   Increase physical memory or swap space
#   Check if swap backing store is full
#   Decrease Java heap size (-Xmx/-Xms)
#   Decrease number of Java threads
#   Decrease Java thread stack sizes (-Xss)
#   Set larger code cache with -XX:ReservedCodeCacheSize=
#   JVM is running with Unscaled Compressed Oops mode in which the Java heap is
#     placed in the first 4GB address space. The Java Heap base address is the
#     maximum limit for the native heap growth. Please use -XX:HeapBaseMinAddress
#     to set the Java Heap base and to place the Java Heap above 4GB virtual address.
# This output file may be truncated or incomplete.
#
#  Out of Memory Error (arena.cpp:168), pid=25040, tid=11904
#
# JRE version: OpenJDK Runtime Environment Temurin-21.0.5+11 (21.0.5+11) (build 21.0.5+11-LTS)
# Java VM: OpenJDK 64-Bit Server VM Temurin-21.0.5+11 (21.0.5+11-LTS, mixed mode, sharing, tiered, compressed oops, compressed class ptrs, parallel gc, windows-amd64)
# No core dump will be written. Minidumps are not enabled by default on client versions of Windows
#

---------------  S U M M A R Y ------------

Command Line: --add-modules=ALL-SYSTEM --add-opens=java.base/java.util=ALL-UNNAMED --add-opens=java.base/java.lang=ALL-UNNAMED --add-opens=java.base/sun.nio.fs=ALL-UNNAMED -Declipse.application=org.eclipse.jdt.ls.core.id1 -Dosgi.bundles.defaultStartLevel=4 -Declipse.product=org.eclipse.jdt.ls.core.product -Djava.import.generatesMetadataFilesAtProjectRoot=false -DDetectVMInstallationsJob.disabled=true -Dfile.encoding=utf8 -XX:+UseParallelGC -XX:GCTimeRatio=4 -XX:AdaptiveSizePolicyWeight=90 -Dsun.zip.disableMemoryMapping=true -Xmx1G -Xms100m -Xlog:disable -javaagent:c:\Users\DIKSHA\.vscode\extensions\redhat.java-1.39.0-win32-x64\lombok\lombok-1.18.34.jar -XX:+HeapDumpOnOutOfMemoryError -XX:HeapDumpPath=c:\Users\DIKSHA\AppData\Roaming\Code\User\workspaceStorage\8b98c47f141e92d9ccc87d237d4c3e0f\redhat.java -Daether.dependencyCollector.impl=bf c:\Users\DIKSHA\.vscode\extensions\redhat.java-1.39.0-win32-x64\server\plugins\org.eclipse.equinox.launcher_1.6.900.v20240613-2009.jar -configuration c:\Users\DIKSHA\AppData\Roaming\Code\User\globalStorage\redhat.java\1.39.0\config_win -data c:\Users\DIKSHA\AppData\Roaming\Code\User\workspaceStorage\8b98c47f141e92d9ccc87d237d4c3e0f\redhat.java\jdt_ws --pipe=\\.\pipe\lsp-65838f999beea767e39238c3cb125cca-sock

Host: AMD Ryzen 5 5500U with Radeon Graphics         , 12 cores, 5G,  Windows 11 , 64 bit Build 22621 (10.0.22621.4391)
Time: Fri Feb  7 16:17:37 2025 India Standard Time elapsed time: 19.687312 seconds (0d 0h 0m 19s)

---------------  T H R E A D  ---------------

Current thread (0x000001f99c86e5d0):  JavaThread "C2 CompilerThread0" daemon [_thread_in_native, id=11904, stack(0x0000005823000000,0x0000005823100000) (1024K)]


Current CompileTask:
C2:19687 10695   !   4       org.eclipse.jdt.internal.core.search.indexing.BinaryIndexer::indexDocument (1204 bytes)

Stack: [0x0000005823000000,0x0000005823100000]
Native frames: (J=compiled Java code, j=interpreted, Vv=VM code, C=native code)
V  [jvm.dll+0x6cd4e9]
V  [jvm.dll+0x8a7941]
V  [jvm.dll+0x8a9e6e]
V  [jvm.dll+0x8aa543]
V  [jvm.dll+0x27f6d6]
V  [jvm.dll+0xc500d]
V  [jvm.dll+0xc5543]
V  [jvm.dll+0x3b65d2]
V  [jvm.dll+0x1dffe9]
V  [jvm.dll+0x247b22]
V  [jvm.dll+0x246faf]
V  [jvm.dll+0x1c75ce]
V  [jvm.dll+0x25682a]
V  [jvm.dll+0x254dca]
V  [jvm.dll+0x3f00d6]
V  [jvm.dll+0x8514fb]
V  [jvm.dll+0x6cbbed]
C  [ucrtbase.dll+0x29333]
C  [KERNEL32.DLL+0x1259d]
C  [ntdll.dll+0x5af38]


---------------  P R O C E S S  ---------------

Threads class SMR info:
_java_thread_list=0x000001f9f42f3c10, length=75, elements={
0x000001f99c7c4d70, 0x000001f99c862400, 0x000001f99c864ce0, 0x000001f99c868730,
0x000001f99c8695e0, 0x000001f99c86a9f0, 0x000001f99c86d7a0, 0x000001f99c86e5d0,
0x000001f99c8764e0, 0x000001f9f3328510, 0x000001f9f3599990, 0x000001f9f46fa770,
0x000001f9f9276060, 0x000001f9f9070290, 0x000001f9f9061560, 0x000001f9f919c8c0,
0x000001f9f94a1970, 0x000001f9f94a2690, 0x000001f9f949f8a0, 0x000001f9f94a2d20,
0x000001f9f94a12e0, 0x000001f9f949ff30, 0x000001f9f94a05c0, 0x000001f9faf950f0,
0x000001f9faf90f50, 0x000001f9faf93d40, 0x000001f9faf93020, 0x000001f9faf92990,
0x000001f9faf94a60, 0x000001f9faf8f510, 0x000001f9faf908c0, 0x000001f9faf92300,
0x000001f9faf95e10, 0x000001f9faf8ee80, 0x000001f9faf915e0, 0x000001f9faf95780,
0x000001f9faf964a0, 0x000001f9faf91c70, 0x000001f9faf936b0, 0x000001f9faf8fba0,
0x000001f9faf90230, 0x000001f9faf943d0, 0x000001f9fb667c40, 0x000001f9fb668960,
0x000001f9fb6675b0, 0x000001f9fb666890, 0x000001f9fb66aa30, 0x000001f9fb666f20,
0x000001f9fb668ff0, 0x000001f9fb66b0c0, 0x000001f9fb669d10, 0x000001f9fb669680,
0x000001f9fb66a3a0, 0x000001f9fb664130, 0x000001f9fb66b750, 0x000001f9fb6647c0,
0x000001f9fb664e50, 0x000001f9fbc4fc60, 0x000001f9fbc4a710, 0x000001f9fbc4c7e0,
0x000001f9fbc50980, 0x000001f9fbc51010, 0x000001f9fbc4f5d0, 0x000001f9fbc502f0,
0x000001f9fbc51d30, 0x000001f9fbc4d500, 0x000001f9fbc4ada0, 0x000001f9fbc4e8b0,
0x000001f9fbc4b430, 0x000001f9fbc4bac0, 0x000001f9fbc4c150, 0x000001f9fbc4db90,
0x000001f9fbc4e220, 0x000001f9f94a2000, 0x000001f9fc344900
}

Java Threads: ( => current thread )
  0x000001f99c7c4d70 JavaThread "main"                              [_thread_blocked, id=26184, stack(0x0000005822600000,0x0000005822700000) (1024K)]
  0x000001f99c862400 JavaThread "Reference Handler"          daemon [_thread_blocked, id=26364, stack(0x0000005822a00000,0x0000005822b00000) (1024K)]
  0x000001f99c864ce0 JavaThread "Finalizer"                  daemon [_thread_blocked, id=22844, stack(0x0000005822b00000,0x0000005822c00000) (1024K)]
  0x000001f99c868730 JavaThread "Signal Dispatcher"          daemon [_thread_blocked, id=25180, stack(0x0000005822c00000,0x0000005822d00000) (1024K)]
  0x000001f99c8695e0 JavaThread "Attach Listener"            daemon [_thread_blocked, id=23412, stack(0x0000005822d00000,0x0000005822e00000) (1024K)]
  0x000001f99c86a9f0 JavaThread "Service Thread"             daemon [_thread_blocked, id=6692, stack(0x0000005822e00000,0x0000005822f00000) (1024K)]
  0x000001f99c86d7a0 JavaThread "Monitor Deflation Thread"   daemon [_thread_blocked, id=27052, stack(0x0000005822f00000,0x0000005823000000) (1024K)]
=>0x000001f99c86e5d0 JavaThread "C2 CompilerThread0"         daemon [_thread_in_native, id=11904, stack(0x0000005823000000,0x0000005823100000) (1024K)]
  0x000001f99c8764e0 JavaThread "C1 CompilerThread0"         daemon [_thread_blocked, id=17336, stack(0x0000005823100000,0x0000005823200000) (1024K)]
  0x000001f9f3328510 JavaThread "Common-Cleaner"             daemon [_thread_blocked, id=5464, stack(0x0000005823200000,0x0000005823300000) (1024K)]
  0x000001f9f3599990 JavaThread "Notification Thread"        daemon [_thread_blocked, id=25896, stack(0x0000005823400000,0x0000005823500000) (1024K)]
  0x000001f9f46fa770 JavaThread "Active Thread: Equinox Container: 84a37418-a68b-4b59-80f4-6d9f376dc750"        [_thread_blocked, id=29092, stack(0x0000005823300000,0x0000005823400000) (1024K)]
  0x000001f9f9276060 JavaThread "Refresh Thread: Equinox Container: 84a37418-a68b-4b59-80f4-6d9f376dc750" daemon [_thread_blocked, id=23048, stack(0x0000005823b00000,0x0000005823c00000) (1024K)]
  0x000001f9f9070290 JavaThread "Framework Event Dispatcher: Equinox Container: 84a37418-a68b-4b59-80f4-6d9f376dc750" daemon [_thread_blocked, id=29704, stack(0x0000005823d00000,0x0000005823e00000) (1024K)]
  0x000001f9f9061560 JavaThread "Start Level: Equinox Container: 84a37418-a68b-4b59-80f4-6d9f376dc750" daemon [_thread_blocked, id=5760, stack(0x0000005823e00000,0x0000005823f00000) (1024K)]
  0x000001f9f919c8c0 JavaThread "Bundle File Closer"         daemon [_thread_blocked, id=16996, stack(0x0000005823f00000,0x0000005824000000) (1024K)]
  0x000001f9f94a1970 JavaThread "SCR Component Actor"        daemon [_thread_blocked, id=18392, stack(0x0000005824200000,0x0000005824300000) (1024K)]
  0x000001f9f94a2690 JavaThread "Worker-JM"                         [_thread_blocked, id=14232, stack(0x0000005824400000,0x0000005824500000) (1024K)]
  0x000001f9f949f8a0 JavaThread "JNA Cleaner"                daemon [_thread_blocked, id=9128, stack(0x0000005824500000,0x0000005824600000) (1024K)]
  0x000001f9f94a2d20 JavaThread "Worker-0"                          [_thread_blocked, id=30476, stack(0x0000005824600000,0x0000005824700000) (1024K)]
  0x000001f9f94a12e0 JavaThread "Worker-1"                          [_thread_blocked, id=21516, stack(0x0000005824700000,0x0000005824800000) (1024K)]
  0x000001f9f949ff30 JavaThread "Java indexing"              daemon [_thread_blocked, id=30416, stack(0x0000005824800000,0x0000005824900000) (1024K)]
  0x000001f9f94a05c0 JavaThread "Worker-2"                          [_thread_blocked, id=10552, stack(0x0000005824900000,0x0000005824a00000) (1024K)]
  0x000001f9faf950f0 JavaThread "Worker-3: Java indexing... "        [_thread_blocked, id=23888, stack(0x0000005824a00000,0x0000005824b00000) (1024K)]
  0x000001f9faf90f50 JavaThread "Worker-4: Building"                [_thread_blocked, id=23524, stack(0x0000005824b00000,0x0000005824c00000) (1024K)]
  0x000001f9faf93d40 JavaThread "Thread-2"                   daemon [_thread_in_native, id=24004, stack(0x0000005824c00000,0x0000005824d00000) (1024K)]
  0x000001f9faf93020 JavaThread "Thread-3"                   daemon [_thread_in_native, id=25168, stack(0x0000005824d00000,0x0000005824e00000) (1024K)]
  0x000001f9faf92990 JavaThread "Thread-4"                   daemon [_thread_in_native, id=3712, stack(0x0000005824e00000,0x0000005824f00000) (1024K)]
  0x000001f9faf94a60 JavaThread "Thread-5"                   daemon [_thread_in_native, id=21684, stack(0x0000005824f00000,0x0000005825000000) (1024K)]
  0x000001f9faf8f510 JavaThread "Thread-6"                   daemon [_thread_in_native, id=17212, stack(0x0000005825000000,0x0000005825100000) (1024K)]
  0x000001f9faf908c0 JavaThread "Thread-7"                   daemon [_thread_in_native, id=30648, stack(0x0000005825100000,0x0000005825200000) (1024K)]
  0x000001f9faf92300 JavaThread "Thread-8"                   daemon [_thread_in_native, id=7268, stack(0x0000005825200000,0x0000005825300000) (1024K)]
  0x000001f9faf95e10 JavaThread "Thread-9"                   daemon [_thread_in_native, id=28828, stack(0x0000005825300000,0x0000005825400000) (1024K)]
  0x000001f9faf8ee80 JavaThread "Thread-10"                  daemon [_thread_in_native, id=22996, stack(0x0000005825400000,0x0000005825500000) (1024K)]
  0x000001f9faf915e0 JavaThread "Thread-11"                  daemon [_thread_in_native, id=14784, stack(0x0000005825500000,0x0000005825600000) (1024K)]
  0x000001f9faf95780 JavaThread "Thread-12"                  daemon [_thread_in_native, id=10320, stack(0x0000005825600000,0x0000005825700000) (1024K)]
  0x000001f9faf964a0 JavaThread "Thread-13"                  daemon [_thread_in_native, id=1824, stack(0x0000005825700000,0x0000005825800000) (1024K)]
  0x000001f9faf91c70 JavaThread "Thread-14"                  daemon [_thread_in_native, id=27804, stack(0x0000005825800000,0x0000005825900000) (1024K)]
  0x000001f9faf936b0 JavaThread "pool-2-thread-1"                   [_thread_blocked, id=26988, stack(0x0000005825900000,0x0000005825a00000) (1024K)]
  0x000001f9faf8fba0 JavaThread "WorkspaceEventsHandler"            [_thread_blocked, id=30424, stack(0x0000005825a00000,0x0000005825b00000) (1024K)]
  0x000001f9faf90230 JavaThread "pool-1-thread-1"                   [_thread_blocked, id=21868, stack(0x0000005825b00000,0x0000005825c00000) (1024K)]
  0x000001f9faf943d0 JavaThread "Worker-5"                          [_thread_blocked, id=14768, stack(0x0000005825c00000,0x0000005825d00000) (1024K)]
  0x000001f9fb667c40 JavaThread "LocalFile Deleter"          daemon [_thread_blocked, id=26840, stack(0x0000005825d00000,0x0000005825e00000) (1024K)]
  0x000001f9fb668960 JavaThread "LocalFile Deleter"          daemon [_thread_blocked, id=27704, stack(0x0000005825e00000,0x0000005825f00000) (1024K)]
  0x000001f9fb6675b0 JavaThread "LocalFile Deleter"          daemon [_thread_blocked, id=16776, stack(0x0000005825f00000,0x0000005826000000) (1024K)]
  0x000001f9fb666890 JavaThread "LocalFile Deleter"          daemon [_thread_blocked, id=27732, stack(0x0000005826000000,0x0000005826100000) (1024K)]
  0x000001f9fb66aa30 JavaThread "LocalFile Deleter"          daemon [_thread_blocked, id=16928, stack(0x0000005826100000,0x0000005826200000) (1024K)]
  0x000001f9fb666f20 JavaThread "LocalFile Deleter"          daemon [_thread_blocked, id=26872, stack(0x0000005826200000,0x0000005826300000) (1024K)]
  0x000001f9fb668ff0 JavaThread "LocalFile Deleter"          daemon [_thread_blocked, id=28844, stack(0x0000005826300000,0x0000005826400000) (1024K)]
  0x000001f9fb66b0c0 JavaThread "LocalFile Deleter"          daemon [_thread_blocked, id=29904, stack(0x0000005826400000,0x0000005826500000) (1024K)]
  0x000001f9fb669d10 JavaThread "LocalFile Deleter"          daemon [_thread_blocked, id=28864, stack(0x0000005826500000,0x0000005826600000) (1024K)]
  0x000001f9fb669680 JavaThread "LocalFile Deleter"          daemon [_thread_blocked, id=25116, stack(0x0000005826600000,0x0000005826700000) (1024K)]
  0x000001f9fb66a3a0 JavaThread "LocalFile Deleter"          daemon [_thread_blocked, id=29516, stack(0x0000005826700000,0x0000005826800000) (1024K)]
  0x000001f9fb664130 JavaThread "LocalFile Deleter"          daemon [_thread_blocked, id=26620, stack(0x0000005826800000,0x0000005826900000) (1024K)]
  0x000001f9fb66b750 JavaThread "Compiler Source File Reader" daemon [_thread_blocked, id=2528, stack(0x0000005826900000,0x0000005826a00000) (1024K)]
  0x000001f9fb6647c0 JavaThread "Compiler Source File Reader" daemon [_thread_blocked, id=23008, stack(0x0000005826a00000,0x0000005826b00000) (1024K)]
  0x000001f9fb664e50 JavaThread "Compiler Source File Reader" daemon [_thread_blocked, id=16664, stack(0x0000005826b00000,0x0000005826c00000) (1024K)]
  0x000001f9fbc4fc60 JavaThread "Compiler Source File Reader" daemon [_thread_blocked, id=27284, stack(0x0000005826c00000,0x0000005826d00000) (1024K)]
  0x000001f9fbc4a710 JavaThread "Compiler Source File Reader" daemon [_thread_blocked, id=12720, stack(0x0000005826d00000,0x0000005826e00000) (1024K)]
  0x000001f9fbc4c7e0 JavaThread "Compiler Source File Reader" daemon [_thread_blocked, id=14736, stack(0x0000005826e00000,0x0000005826f00000) (1024K)]
  0x000001f9fbc50980 JavaThread "Compiler Source File Reader" daemon [_thread_blocked, id=26276, stack(0x0000005826f00000,0x0000005827000000) (1024K)]
  0x000001f9fbc51010 JavaThread "Compiler Source File Reader" daemon [_thread_blocked, id=21436, stack(0x0000005827000000,0x0000005827100000) (1024K)]
  0x000001f9fbc4f5d0 JavaThread "Compiler Source File Reader" daemon [_thread_blocked, id=12572, stack(0x0000005827100000,0x0000005827200000) (1024K)]
  0x000001f9fbc502f0 JavaThread "Compiler Source File Reader" daemon [_thread_blocked, id=24064, stack(0x0000005827200000,0x0000005827300000) (1024K)]
  0x000001f9fbc51d30 JavaThread "Compiler Processing Task"   daemon [_thread_blocked, id=21852, stack(0x0000005824300000,0x0000005824400000) (1024K)]
  0x000001f9fbc4d500 JavaThread "Compiler Class File Writer" daemon [_thread_blocked, id=24472, stack(0x0000005827300000,0x0000005827400000) (1024K)]
  0x000001f9fbc4ada0 JavaThread "Compiler Class File Writer" daemon [_thread_blocked, id=7368, stack(0x0000005827400000,0x0000005827500000) (1024K)]
  0x000001f9fbc4e8b0 JavaThread "Compiler Class File Writer" daemon [_thread_blocked, id=30120, stack(0x0000005827500000,0x0000005827600000) (1024K)]
  0x000001f9fbc4b430 JavaThread "Compiler Class File Writer" daemon [_thread_blocked, id=7040, stack(0x0000005827600000,0x0000005827700000) (1024K)]
  0x000001f9fbc4bac0 JavaThread "Compiler Class File Writer" daemon [_thread_blocked, id=26724, stack(0x0000005827700000,0x0000005827800000) (1024K)]
  0x000001f9fbc4c150 JavaThread "Compiler Class File Writer" daemon [_thread_blocked, id=10900, stack(0x0000005827800000,0x0000005827900000) (1024K)]
  0x000001f9fbc4db90 JavaThread "Compiler Class File Writer" daemon [_thread_blocked, id=11864, stack(0x0000005827900000,0x0000005827a00000) (1024K)]
  0x000001f9fbc4e220 JavaThread "Compiler Class File Writer" daemon [_thread_blocked, id=2784, stack(0x0000005827a00000,0x0000005827b00000) (1024K)]
  0x000001f9f94a2000 JavaThread "Compiler Class File Writer" daemon [_thread_blocked, id=19540, stack(0x0000005827b00000,0x0000005827c00000) (1024K)]
  0x000001f9fc344900 JavaThread "Compiler Class File Writer" daemon [_thread_blocked, id=20100, stack(0x0000005827c00000,0x0000005827d00000) (1024K)]
Total: 75

Other Threads:
  0x000001f99a67ec30 VMThread "VM Thread"                           [id=23268, stack(0x0000005822900000,0x0000005822a00000) (1024K)]
  0x000001f99c830760 WatcherThread "VM Periodic Task Thread"        [id=7652, stack(0x0000005822800000,0x0000005822900000) (1024K)]
  0x000001f99c7e2190 WorkerThread "GC Thread#0"                     [id=9744, stack(0x0000005822700000,0x0000005822800000) (1024K)]
  0x000001f9f450fb20 WorkerThread "GC Thread#1"                     [id=5028, stack(0x0000005823500000,0x0000005823600000) (1024K)]
  0x000001f9f450fec0 WorkerThread "GC Thread#2"                     [id=28448, stack(0x0000005823600000,0x0000005823700000) (1024K)]
  0x000001f9f4510260 WorkerThread "GC Thread#3"                     [id=20156, stack(0x0000005823700000,0x0000005823800000) (1024K)]
  0x000001f9f47a2f70 WorkerThread "GC Thread#4"                     [id=30636, stack(0x0000005823800000,0x0000005823900000) (1024K)]
  0x000001f9f47a3310 WorkerThread "GC Thread#5"                     [id=12080, stack(0x0000005823900000,0x0000005823a00000) (1024K)]
  0x000001f9f47a36b0 WorkerThread "GC Thread#6"                     [id=26020, stack(0x0000005823a00000,0x0000005823b00000) (1024K)]
  0x000001f9f49b67b0 WorkerThread "GC Thread#7"                     [id=26148, stack(0x0000005823c00000,0x0000005823d00000) (1024K)]
  0x000001f9f96a0270 WorkerThread "GC Thread#8"                     [id=19544, stack(0x0000005824000000,0x0000005824100000) (1024K)]
  0x000001f9f908a530 WorkerThread "GC Thread#9"                     [id=30224, stack(0x0000005824100000,0x0000005824200000) (1024K)]
Total: 12

Threads with active compile tasks:
C2 CompilerThread0  19748 10695   !   4       org.eclipse.jdt.internal.core.search.indexing.BinaryIndexer::indexDocument (1204 bytes)
Total: 1

VM state: at safepoint (normal execution)

VM Mutex/Monitor currently owned by a thread:  ([mutex/lock_event])
[0x00007ffed019d380] Threads_lock - owner thread: 0x000001f99a67ec30
[0x00007ffed019d480] Heap_lock - owner thread: 0x000001f9f949ff30

Heap address: 0x00000000c0000000, size: 1024 MB, Compressed Oops mode: 32-bit

CDS archive(s) mapped at: [0x000001f9b1000000-0x000001f9b1ba0000-0x000001f9b1ba0000), size 12189696, SharedBaseAddress: 0x000001f9b1000000, ArchiveRelocationMode: 1.
Compressed class space mapped at: 0x000001f9b2000000-0x000001f9f2000000, reserved size: 1073741824
Narrow klass base: 0x000001f9b1000000, Narrow klass shift: 0, Narrow klass range: 0x100000000

GC Precious Log:
 CardTable entry size: 512
 CPUs: 12 total, 12 available
 Memory: 6005M
 Large Page Support: Disabled
 NUMA Support: Disabled
 Compressed Oops: Enabled (32-bit)
 Alignments: Space 512K, Generation 512K, Heap 2M
 Heap Min Capacity: 100M
 Heap Initial Capacity: 100M
 Heap Max Capacity: 1G
 Pre-touch: Disabled
 Parallel Workers: 10

Heap:
 PSYoungGen      total 3072K, used 2492K [0x00000000eab00000, 0x00000000eae80000, 0x0000000100000000)
  eden space 2048K, 99% used [0x00000000eab00000,0x00000000eacff3d0,0x00000000ead00000)
  from space 1024K, 43% used [0x00000000ead00000,0x00000000ead70000,0x00000000eae00000)
  to   space 512K, 96% used [0x00000000eae00000,0x00000000eae7b0c8,0x00000000eae80000)
 ParOldGen       total 253952K, used 253573K [0x00000000c0000000, 0x00000000cf800000, 0x00000000eab00000)
  object space 253952K, 99% used [0x00000000c0000000,0x00000000cf7a1500,0x00000000cf800000)
 Metaspace       used 60315K, committed 61696K, reserved 1114112K
  class space    used 6124K, committed 6784K, reserved 1048576K

Card table byte_map: [0x000001f99c160000,0x000001f99c370000] _byte_map_base: 0x000001f99bb60000

Marking Bits: (ParMarkBitMap*) 0x00007ffed01a2250
 Begin Bits: [0x000001f9aeb10000, 0x000001f9afb10000)
 End Bits:   [0x000001f9afb10000, 0x000001f9b0b10000)

Polling page: 0x000001f99a740000

Metaspace:

Usage:
  Non-class:     52.92 MB used.
      Class:      5.98 MB used.
       Both:     58.90 MB used.

Virtual space:
  Non-class space:       64.00 MB reserved,      53.62 MB ( 84%) committed,  1 nodes.
      Class space:        1.00 GB reserved,       6.62 MB ( <1%) committed,  1 nodes.
             Both:        1.06 GB reserved,      60.25 MB (  6%) committed. 

Chunk freelists:
   Non-Class:  10.12 MB
       Class:  9.23 MB
        Both:  19.36 MB

MaxMetaspaceSize: unlimited
CompressedClassSpaceSize: 1.00 GB
Initial GC threshold: 21.00 MB
Current GC threshold: 97.31 MB
CDS: on
 - commit_granule_bytes: 65536.
 - commit_granule_words: 8192.
 - virtual_space_node_default_size: 8388608.
 - enlarge_chunks_in_place: 1.
 - use_allocation_guard: 0.


Internal statistics:

num_allocs_failed_limit: 9.
num_arena_births: 1152.
num_arena_deaths: 14.
num_vsnodes_births: 2.
num_vsnodes_deaths: 0.
num_space_committed: 964.
num_space_uncommitted: 0.
num_chunks_returned_to_freelist: 23.
num_chunks_taken_from_freelist: 4061.
num_chunk_merges: 15.
num_chunk_splits: 2463.
num_chunks_enlarged: 1310.
num_inconsistent_stats: 0.

CodeHeap 'non-profiled nmethods': size=120000Kb used=3126Kb max_used=3126Kb free=116874Kb
 bounds [0x000001f9a75e0000, 0x000001f9a78f0000, 0x000001f9aeb10000]
CodeHeap 'profiled nmethods': size=120000Kb used=22562Kb max_used=22562Kb free=97437Kb
 bounds [0x000001f99fb10000, 0x000001f9a1120000, 0x000001f9a7040000]
CodeHeap 'non-nmethods': size=5760Kb used=1413Kb max_used=1453Kb free=4346Kb
 bounds [0x000001f9a7040000, 0x000001f9a72b0000, 0x000001f9a75e0000]
 total_blobs=10979 nmethods=10254 adapters=630
 compilation: enabled
              stopped_count=0, restarted_count=0
 full_count=0

Compilation events (20 events):
Event: 19.589 Thread 0x000001f99c8764e0 11113   !   2       org.apache.maven.model.RepositoryPolicy::clone (73 bytes)
Event: 19.590 Thread 0x000001f99c8764e0 nmethod 11113 0x000001f9a1117090 code [0x000001f9a11172e0, 0x000001f9a11178a8]
Event: 19.590 Thread 0x000001f99c8764e0 11121 %     3       java.util.Hashtable::rehash @ 90 (142 bytes)
Event: 19.592 Thread 0x000001f99c8764e0 nmethod 11121% 0x000001f9a1117c90 code [0x000001f9a1117ea0, 0x000001f9a11185a8]
Event: 19.592 Thread 0x000001f99c8764e0 11114       1       org.apache.maven.model.Reporting::getOutputDirectory (5 bytes)
Event: 19.592 Thread 0x000001f99c8764e0 nmethod 11114 0x000001f9a78ebc10 code [0x000001f9a78ebda0, 0x000001f9a78ebe68]
Event: 19.592 Thread 0x000001f99c8764e0 11115       1       org.apache.maven.model.Model::getUrl (5 bytes)
Event: 19.592 Thread 0x000001f99c8764e0 nmethod 11115 0x000001f9a78ebf10 code [0x000001f9a78ec0a0, 0x000001f9a78ec168]
Event: 19.592 Thread 0x000001f99c8764e0 11116       1       org.apache.maven.model.Model::getScm (5 bytes)
Event: 19.592 Thread 0x000001f99c8764e0 nmethod 11116 0x000001f9a78ec210 code [0x000001f9a78ec3a0, 0x000001f9a78ec470]
Event: 19.592 Thread 0x000001f99c8764e0 11117       1       org.apache.maven.model.Build::getSourceDirectory (5 bytes)
Event: 19.592 Thread 0x000001f99c8764e0 nmethod 11117 0x000001f9a78ec510 code [0x000001f9a78ec6a0, 0x000001f9a78ec768]
Event: 19.592 Thread 0x000001f99c8764e0 11118       1       org.apache.maven.model.Build::getScriptSourceDirectory (5 bytes)
Event: 19.592 Thread 0x000001f99c8764e0 nmethod 11118 0x000001f9a78ec810 code [0x000001f9a78ec9a0, 0x000001f9a78eca68]
Event: 19.592 Thread 0x000001f99c8764e0 11119       1       org.apache.maven.model.Build::getTestSourceDirectory (5 bytes)
Event: 19.593 Thread 0x000001f99c8764e0 nmethod 11119 0x000001f9a78ecb10 code [0x000001f9a78ecca0, 0x000001f9a78ecd68]
Event: 19.593 Thread 0x000001f99c8764e0 11120       1       org.apache.maven.model.Build::getTestOutputDirectory (5 bytes)
Event: 19.593 Thread 0x000001f99c8764e0 nmethod 11120 0x000001f9a78ece10 code [0x000001f9a78ecfa0, 0x000001f9a78ed068]
Event: 19.602 Thread 0x000001f99c8764e0 11123       1       org.apache.maven.model.building.DefaultModelBuildingRequest::getModelResolver (5 bytes)
Event: 19.603 Thread 0x000001f99c8764e0 nmethod 11123 0x000001f9a78ed510 code [0x000001f9a78ed6a0, 0x000001f9a78ed768]

GC Heap History (20 events):
Event: 19.313 GC heap after
{Heap after GC invocations=226 (full 3):
 PSYoungGen      total 3072K, used 516K [0x00000000eab00000, 0x00000000eaf00000, 0x0000000100000000)
  eden space 2048K, 0% used [0x00000000eab00000,0x00000000eab00000,0x00000000ead00000)
  from space 1024K, 50% used [0x00000000ead00000,0x00000000ead813e8,0x00000000eae00000)
  to   space 1024K, 0% used [0x00000000eae00000,0x00000000eae00000,0x00000000eaf00000)
 ParOldGen       total 249856K, used 249805K [0x00000000c0000000, 0x00000000cf400000, 0x00000000eab00000)
  object space 249856K, 99% used [0x00000000c0000000,0x00000000cf3f3438,0x00000000cf400000)
 Metaspace       used 60273K, committed 61696K, reserved 1114112K
  class space    used 6124K, committed 6784K, reserved 1048576K
}
Event: 19.331 GC heap before
{Heap before GC invocations=227 (full 3):
 PSYoungGen      total 3072K, used 2564K [0x00000000eab00000, 0x00000000eaf00000, 0x0000000100000000)
  eden space 2048K, 100% used [0x00000000eab00000,0x00000000ead00000,0x00000000ead00000)
  from space 1024K, 50% used [0x00000000ead00000,0x00000000ead813e8,0x00000000eae00000)
  to   space 1024K, 0% used [0x00000000eae00000,0x00000000eae00000,0x00000000eaf00000)
 ParOldGen       total 249856K, used 249805K [0x00000000c0000000, 0x00000000cf400000, 0x00000000eab00000)
  object space 249856K, 99% used [0x00000000c0000000,0x00000000cf3f3438,0x00000000cf400000)
 Metaspace       used 60274K, committed 61696K, reserved 1114112K
  class space    used 6124K, committed 6784K, reserved 1048576K
}
Event: 19.335 GC heap after
{Heap after GC invocations=227 (full 3):
 PSYoungGen      total 3072K, used 608K [0x00000000eab00000, 0x00000000eaf00000, 0x0000000100000000)
  eden space 2048K, 0% used [0x00000000eab00000,0x00000000eab00000,0x00000000ead00000)
  from space 1024K, 59% used [0x00000000eae00000,0x00000000eae98128,0x00000000eaf00000)
  to   space 1024K, 0% used [0x00000000ead00000,0x00000000ead00000,0x00000000eae00000)
 ParOldGen       total 250368K, used 250201K [0x00000000c0000000, 0x00000000cf480000, 0x00000000eab00000)
  object space 250368K, 99% used [0x00000000c0000000,0x00000000cf4565d8,0x00000000cf480000)
 Metaspace       used 60274K, committed 61696K, reserved 1114112K
  class space    used 6124K, committed 6784K, reserved 1048576K
}
Event: 19.360 GC heap before
{Heap before GC invocations=228 (full 3):
 PSYoungGen      total 3072K, used 2656K [0x00000000eab00000, 0x00000000eaf00000, 0x0000000100000000)
  eden space 2048K, 100% used [0x00000000eab00000,0x00000000ead00000,0x00000000ead00000)
  from space 1024K, 59% used [0x00000000eae00000,0x00000000eae98128,0x00000000eaf00000)
  to   space 1024K, 0% used [0x00000000ead00000,0x00000000ead00000,0x00000000eae00000)
 ParOldGen       total 250368K, used 250201K [0x00000000c0000000, 0x00000000cf480000, 0x00000000eab00000)
  object space 250368K, 99% used [0x00000000c0000000,0x00000000cf4565d8,0x00000000cf480000)
 Metaspace       used 60288K, committed 61696K, reserved 1114112K
  class space    used 6124K, committed 6784K, reserved 1048576K
}
Event: 19.368 GC heap after
{Heap after GC invocations=228 (full 3):
 PSYoungGen      total 3072K, used 634K [0x00000000eab00000, 0x00000000eaf00000, 0x0000000100000000)
  eden space 2048K, 0% used [0x00000000eab00000,0x00000000eab00000,0x00000000ead00000)
  from space 1024K, 61% used [0x00000000ead00000,0x00000000ead9eb18,0x00000000eae00000)
  to   space 1024K, 0% used [0x00000000eae00000,0x00000000eae00000,0x00000000eaf00000)
 ParOldGen       total 250880K, used 250654K [0x00000000c0000000, 0x00000000cf500000, 0x00000000eab00000)
  object space 250880K, 99% used [0x00000000c0000000,0x00000000cf4c7ad8,0x00000000cf500000)
 Metaspace       used 60288K, committed 61696K, reserved 1114112K
  class space    used 6124K, committed 6784K, reserved 1048576K
}
Event: 19.387 GC heap before
{Heap before GC invocations=229 (full 3):
 PSYoungGen      total 3072K, used 2682K [0x00000000eab00000, 0x00000000eaf00000, 0x0000000100000000)
  eden space 2048K, 100% used [0x00000000eab00000,0x00000000ead00000,0x00000000ead00000)
  from space 1024K, 61% used [0x00000000ead00000,0x00000000ead9eb18,0x00000000eae00000)
  to   space 1024K, 0% used [0x00000000eae00000,0x00000000eae00000,0x00000000eaf00000)
 ParOldGen       total 250880K, used 250654K [0x00000000c0000000, 0x00000000cf500000, 0x00000000eab00000)
  object space 250880K, 99% used [0x00000000c0000000,0x00000000cf4c7ad8,0x00000000cf500000)
 Metaspace       used 60289K, committed 61696K, reserved 1114112K
  class space    used 6124K, committed 6784K, reserved 1048576K
}
Event: 19.390 GC heap after
{Heap after GC invocations=229 (full 3):
 PSYoungGen      total 3072K, used 544K [0x00000000eab00000, 0x00000000eaf00000, 0x0000000100000000)
  eden space 2048K, 0% used [0x00000000eab00000,0x00000000eab00000,0x00000000ead00000)
  from space 1024K, 53% used [0x00000000eae00000,0x00000000eae88000,0x00000000eaf00000)
  to   space 1024K, 0% used [0x00000000ead00000,0x00000000ead00000,0x00000000eae00000)
 ParOldGen       total 251392K, used 251086K [0x00000000c0000000, 0x00000000cf580000, 0x00000000eab00000)
  object space 251392K, 99% used [0x00000000c0000000,0x00000000cf533a78,0x00000000cf580000)
 Metaspace       used 60289K, committed 61696K, reserved 1114112K
  class space    used 6124K, committed 6784K, reserved 1048576K
}
Event: 19.415 GC heap before
{Heap before GC invocations=230 (full 3):
 PSYoungGen      total 3072K, used 2592K [0x00000000eab00000, 0x00000000eaf00000, 0x0000000100000000)
  eden space 2048K, 100% used [0x00000000eab00000,0x00000000ead00000,0x00000000ead00000)
  from space 1024K, 53% used [0x00000000eae00000,0x00000000eae88000,0x00000000eaf00000)
  to   space 1024K, 0% used [0x00000000ead00000,0x00000000ead00000,0x00000000eae00000)
 ParOldGen       total 251392K, used 251086K [0x00000000c0000000, 0x00000000cf580000, 0x00000000eab00000)
  object space 251392K, 99% used [0x00000000c0000000,0x00000000cf533a78,0x00000000cf580000)
 Metaspace       used 60292K, committed 61696K, reserved 1114112K
  class space    used 6124K, committed 6784K, reserved 1048576K
}
Event: 19.419 GC heap after
{Heap after GC invocations=230 (full 3):
 PSYoungGen      total 3072K, used 698K [0x00000000eab00000, 0x00000000eaf00000, 0x0000000100000000)
  eden space 2048K, 0% used [0x00000000eab00000,0x00000000eab00000,0x00000000ead00000)
  from space 1024K, 68% used [0x00000000ead00000,0x00000000eadae828,0x00000000eae00000)
  to   space 1024K, 0% used [0x00000000eae00000,0x00000000eae00000,0x00000000eaf00000)
 ParOldGen       total 251904K, used 251484K [0x00000000c0000000, 0x00000000cf600000, 0x00000000eab00000)
  object space 251904K, 99% used [0x00000000c0000000,0x00000000cf5970a8,0x00000000cf600000)
 Metaspace       used 60292K, committed 61696K, reserved 1114112K
  class space    used 6124K, committed 6784K, reserved 1048576K
}
Event: 19.443 GC heap before
{Heap before GC invocations=231 (full 3):
 PSYoungGen      total 3072K, used 2746K [0x00000000eab00000, 0x00000000eaf00000, 0x0000000100000000)
  eden space 2048K, 100% used [0x00000000eab00000,0x00000000ead00000,0x00000000ead00000)
  from space 1024K, 68% used [0x00000000ead00000,0x00000000eadae828,0x00000000eae00000)
  to   space 1024K, 0% used [0x00000000eae00000,0x00000000eae00000,0x00000000eaf00000)
 ParOldGen       total 251904K, used 251484K [0x00000000c0000000, 0x00000000cf600000, 0x00000000eab00000)
  object space 251904K, 99% used [0x00000000c0000000,0x00000000cf5970a8,0x00000000cf600000)
 Metaspace       used 60297K, committed 61696K, reserved 1114112K
  class space    used 6124K, committed 6784K, reserved 1048576K
}
Event: 19.446 GC heap after
{Heap after GC invocations=231 (full 3):
 PSYoungGen      total 3072K, used 593K [0x00000000eab00000, 0x00000000eaf00000, 0x0000000100000000)
  eden space 2048K, 0% used [0x00000000eab00000,0x00000000eab00000,0x00000000ead00000)
  from space 1024K, 57% used [0x00000000eae00000,0x00000000eae94498,0x00000000eaf00000)
  to   space 1024K, 0% used [0x00000000ead00000,0x00000000ead00000,0x00000000eae00000)
 ParOldGen       total 252416K, used 251966K [0x00000000c0000000, 0x00000000cf680000, 0x00000000eab00000)
  object space 252416K, 99% used [0x00000000c0000000,0x00000000cf60faf8,0x00000000cf680000)
 Metaspace       used 60297K, committed 61696K, reserved 1114112K
  class space    used 6124K, committed 6784K, reserved 1048576K
}
Event: 19.471 GC heap before
{Heap before GC invocations=232 (full 3):
 PSYoungGen      total 3072K, used 2641K [0x00000000eab00000, 0x00000000eaf00000, 0x0000000100000000)
  eden space 2048K, 99% used [0x00000000eab00000,0x00000000eacfffa0,0x00000000ead00000)
  from space 1024K, 57% used [0x00000000eae00000,0x00000000eae94498,0x00000000eaf00000)
  to   space 1024K, 0% used [0x00000000ead00000,0x00000000ead00000,0x00000000eae00000)
 ParOldGen       total 252416K, used 251966K [0x00000000c0000000, 0x00000000cf680000, 0x00000000eab00000)
  object space 252416K, 99% used [0x00000000c0000000,0x00000000cf60faf8,0x00000000cf680000)
 Metaspace       used 60300K, committed 61696K, reserved 1114112K
  class space    used 6124K, committed 6784K, reserved 1048576K
}
Event: 19.474 GC heap after
{Heap after GC invocations=232 (full 3):
 PSYoungGen      total 3072K, used 572K [0x00000000eab00000, 0x00000000eaf00000, 0x0000000100000000)
  eden space 2048K, 0% used [0x00000000eab00000,0x00000000eab00000,0x00000000ead00000)
  from space 1024K, 55% used [0x00000000ead00000,0x00000000ead8f290,0x00000000eae00000)
  to   space 1024K, 0% used [0x00000000eae00000,0x00000000eae00000,0x00000000eaf00000)
 ParOldGen       total 252928K, used 252431K [0x00000000c0000000, 0x00000000cf700000, 0x00000000eab00000)
  object space 252928K, 99% used [0x00000000c0000000,0x00000000cf683fa0,0x00000000cf700000)
 Metaspace       used 60300K, committed 61696K, reserved 1114112K
  class space    used 6124K, committed 6784K, reserved 1048576K
}
Event: 19.522 GC heap before
{Heap before GC invocations=233 (full 3):
 PSYoungGen      total 3072K, used 2620K [0x00000000eab00000, 0x00000000eaf00000, 0x0000000100000000)
  eden space 2048K, 100% used [0x00000000eab00000,0x00000000ead00000,0x00000000ead00000)
  from space 1024K, 55% used [0x00000000ead00000,0x00000000ead8f290,0x00000000eae00000)
  to   space 1024K, 0% used [0x00000000eae00000,0x00000000eae00000,0x00000000eaf00000)
 ParOldGen       total 252928K, used 252431K [0x00000000c0000000, 0x00000000cf700000, 0x00000000eab00000)
  object space 252928K, 99% used [0x00000000c0000000,0x00000000cf683fa0,0x00000000cf700000)
 Metaspace       used 60306K, committed 61696K, reserved 1114112K
  class space    used 6124K, committed 6784K, reserved 1048576K
}
Event: 19.526 GC heap after
{Heap after GC invocations=233 (full 3):
 PSYoungGen      total 3072K, used 480K [0x00000000eab00000, 0x00000000eaf00000, 0x0000000100000000)
  eden space 2048K, 0% used [0x00000000eab00000,0x00000000eab00000,0x00000000ead00000)
  from space 1024K, 46% used [0x00000000eae00000,0x00000000eae78000,0x00000000eaf00000)
  to   space 1024K, 0% used [0x00000000ead00000,0x00000000ead00000,0x00000000eae00000)
 ParOldGen       total 252928K, used 252869K [0x00000000c0000000, 0x00000000cf700000, 0x00000000eab00000)
  object space 252928K, 99% used [0x00000000c0000000,0x00000000cf6f1458,0x00000000cf700000)
 Metaspace       used 60306K, committed 61696K, reserved 1114112K
  class space    used 6124K, committed 6784K, reserved 1048576K
}
Event: 19.570 GC heap before
{Heap before GC invocations=234 (full 3):
 PSYoungGen      total 3072K, used 2528K [0x00000000eab00000, 0x00000000eaf00000, 0x0000000100000000)
  eden space 2048K, 100% used [0x00000000eab00000,0x00000000ead00000,0x00000000ead00000)
  from space 1024K, 46% used [0x00000000eae00000,0x00000000eae78000,0x00000000eaf00000)
  to   space 1024K, 0% used [0x00000000ead00000,0x00000000ead00000,0x00000000eae00000)
 ParOldGen       total 252928K, used 252869K [0x00000000c0000000, 0x00000000cf700000, 0x00000000eab00000)
  object space 252928K, 99% used [0x00000000c0000000,0x00000000cf6f1458,0x00000000cf700000)
 Metaspace       used 60315K, committed 61696K, reserved 1114112K
  class space    used 6124K, committed 6784K, reserved 1048576K
}
Event: 19.573 GC heap after
{Heap after GC invocations=234 (full 3):
 PSYoungGen      total 3072K, used 448K [0x00000000eab00000, 0x00000000eae80000, 0x0000000100000000)
  eden space 2048K, 0% used [0x00000000eab00000,0x00000000eab00000,0x00000000ead00000)
  from space 1024K, 43% used [0x00000000ead00000,0x00000000ead70000,0x00000000eae00000)
  to   space 512K, 0% used [0x00000000eae00000,0x00000000eae00000,0x00000000eae80000)
 ParOldGen       total 253440K, used 253237K [0x00000000c0000000, 0x00000000cf780000, 0x00000000eab00000)
  object space 253440K, 99% used [0x00000000c0000000,0x00000000cf74d5b8,0x00000000cf780000)
 Metaspace       used 60315K, committed 61696K, reserved 1114112K
  class space    used 6124K, committed 6784K, reserved 1048576K
}
Event: 19.606 GC heap before
{Heap before GC invocations=235 (full 3):
 PSYoungGen      total 3072K, used 2492K [0x00000000eab00000, 0x00000000eae80000, 0x0000000100000000)
  eden space 2048K, 99% used [0x00000000eab00000,0x00000000eacff3d0,0x00000000ead00000)
  from space 1024K, 43% used [0x00000000ead00000,0x00000000ead70000,0x00000000eae00000)
  to   space 512K, 0% used [0x00000000eae00000,0x00000000eae00000,0x00000000eae80000)
 ParOldGen       total 253440K, used 253237K [0x00000000c0000000, 0x00000000cf780000, 0x00000000eab00000)
  object space 253440K, 99% used [0x00000000c0000000,0x00000000cf74d5b8,0x00000000cf780000)
 Metaspace       used 60315K, committed 61696K, reserved 1114112K
  class space    used 6124K, committed 6784K, reserved 1048576K
}
Event: 19.610 GC heap after
{Heap after GC invocations=235 (full 3):
 PSYoungGen      total 3072K, used 2492K [0x00000000eab00000, 0x00000000eae80000, 0x0000000100000000)
  eden space 2048K, 99% used [0x00000000eab00000,0x00000000eacff3d0,0x00000000ead00000)
  from space 1024K, 43% used [0x00000000ead00000,0x00000000ead70000,0x00000000eae00000)
  to   space 512K, 96% used [0x00000000eae00000,0x00000000eae7b0c8,0x00000000eae80000)
 ParOldGen       total 253952K, used 253573K [0x00000000c0000000, 0x00000000cf800000, 0x00000000eab00000)
  object space 253952K, 99% used [0x00000000c0000000,0x00000000cf7a1500,0x00000000cf800000)
 Metaspace       used 60315K, committed 61696K, reserved 1114112K
  class space    used 6124K, committed 6784K, reserved 1048576K
}
Event: 19.610 GC heap before
{Heap before GC invocations=236 (full 4):
 PSYoungGen      total 3072K, used 2492K [0x00000000eab00000, 0x00000000eae80000, 0x0000000100000000)
  eden space 2048K, 99% used [0x00000000eab00000,0x00000000eacff3d0,0x00000000ead00000)
  from space 1024K, 43% used [0x00000000ead00000,0x00000000ead70000,0x00000000eae00000)
  to   space 512K, 96% used [0x00000000eae00000,0x00000000eae7b0c8,0x00000000eae80000)
 ParOldGen       total 253952K, used 253573K [0x00000000c0000000, 0x00000000cf800000, 0x00000000eab00000)
  object space 253952K, 99% used [0x00000000c0000000,0x00000000cf7a1500,0x00000000cf800000)
 Metaspace       used 60315K, committed 61696K, reserved 1114112K
  class space    used 6124K, committed 6784K, reserved 1048576K
}

Dll operation events (10 events):
Event: 0.019 Loaded shared library c:\Users\DIKSHA\.vscode\extensions\redhat.java-1.39.0-win32-x64\jre\21.0.5-win32-x86_64\bin\java.dll
Event: 0.201 Loaded shared library c:\Users\DIKSHA\.vscode\extensions\redhat.java-1.39.0-win32-x64\jre\21.0.5-win32-x86_64\bin\zip.dll
Event: 0.262 Loaded shared library C:\Users\DIKSHA\.vscode\extensions\redhat.java-1.39.0-win32-x64\jre\21.0.5-win32-x86_64\bin\instrument.dll
Event: 0.273 Loaded shared library C:\Users\DIKSHA\.vscode\extensions\redhat.java-1.39.0-win32-x64\jre\21.0.5-win32-x86_64\bin\net.dll
Event: 0.278 Loaded shared library C:\Users\DIKSHA\.vscode\extensions\redhat.java-1.39.0-win32-x64\jre\21.0.5-win32-x86_64\bin\nio.dll
Event: 0.286 Loaded shared library C:\Users\DIKSHA\.vscode\extensions\redhat.java-1.39.0-win32-x64\jre\21.0.5-win32-x86_64\bin\zip.dll
Event: 0.327 Loaded shared library C:\Users\DIKSHA\.vscode\extensions\redhat.java-1.39.0-win32-x64\jre\21.0.5-win32-x86_64\bin\jimage.dll
Event: 0.496 Loaded shared library c:\Users\DIKSHA\.vscode\extensions\redhat.java-1.39.0-win32-x64\jre\21.0.5-win32-x86_64\bin\verify.dll
Event: 2.994 Loaded shared library C:\Users\DIKSHA\AppData\Roaming\Code\User\globalStorage\redhat.java\1.39.0\config_win\org.eclipse.equinox.launcher\org.eclipse.equinox.launcher.win32.win32.x86_64_1.2.1100.v20240722-2106\eclipse_11904.dll
Event: 5.140 Loaded shared library C:\Users\DIKSHA\AppData\Local\Temp\jna-2016515686\jna17860206429495845734.dll

Deoptimization events (20 events):
Event: 18.931 Thread 0x000001f9faf90f50 Uncommon trap: trap_request=0xffffffde fr.pc=0x000001f9a7764b48 relative=0x00000000000000a8
Event: 18.931 Thread 0x000001f9faf90f50 Uncommon trap: reason=class_check action=maybe_recompile pc=0x000001f9a7764b48 method=java.util.regex.Pattern.lambda$negate$7(Ljava/util/regex/Pattern$CharPredicate;I)Z @ 2 c2
Event: 18.931 Thread 0x000001f9faf90f50 DEOPT PACKING pc=0x000001f9a7764b48 sp=0x0000005824bfd580
Event: 18.931 Thread 0x000001f9faf90f50 DEOPT UNPACKING pc=0x000001f9a7093aa2 sp=0x0000005824bfd4b0 mode 2
Event: 18.976 Thread 0x000001f9faf90f50 Uncommon trap: trap_request=0xffffff45 fr.pc=0x000001f9a763a3c4 relative=0x00000000000002a4
Event: 18.976 Thread 0x000001f9faf90f50 Uncommon trap: reason=unstable_if action=reinterpret pc=0x000001f9a763a3c4 method=java.lang.String.decodeASCII([BI[CII)I @ 13 c2
Event: 18.976 Thread 0x000001f9faf90f50 DEOPT PACKING pc=0x000001f9a763a3c4 sp=0x0000005824bfcf40
Event: 18.976 Thread 0x000001f9faf90f50 DEOPT UNPACKING pc=0x000001f9a7093aa2 sp=0x0000005824bfcef0 mode 2
Event: 18.983 Thread 0x000001f9faf90f50 Uncommon trap: trap_request=0xffffff45 fr.pc=0x000001f9a78ceffc relative=0x00000000000001dc
Event: 18.983 Thread 0x000001f9faf90f50 Uncommon trap: reason=unstable_if action=reinterpret pc=0x000001f9a78ceffc method=java.lang.String.indexOf(Ljava/lang/String;)I @ 10 c2
Event: 18.983 Thread 0x000001f9faf90f50 DEOPT PACKING pc=0x000001f9a78ceffc sp=0x0000005824bfd6e0
Event: 18.983 Thread 0x000001f9faf90f50 DEOPT UNPACKING pc=0x000001f9a7093aa2 sp=0x0000005824bfd670 mode 2
Event: 19.031 Thread 0x000001f9faf90f50 DEOPT PACKING pc=0x000001f99fb80d54 sp=0x0000005824bfd250
Event: 19.032 Thread 0x000001f9faf90f50 DEOPT UNPACKING pc=0x000001f9a7094242 sp=0x0000005824bfc708 mode 0
Event: 19.420 Thread 0x000001f9faf90f50 Uncommon trap: trap_request=0xffffff45 fr.pc=0x000001f9a76dda74 relative=0x00000000000001d4
Event: 19.420 Thread 0x000001f9faf90f50 Uncommon trap: reason=unstable_if action=reinterpret pc=0x000001f9a76dda74 method=java.lang.CharacterDataLatin1.equalsIgnoreCase(BB)Z @ 24 c2
Event: 19.420 Thread 0x000001f9faf90f50 DEOPT PACKING pc=0x000001f9a76dda74 sp=0x0000005824bfd7f0
Event: 19.420 Thread 0x000001f9faf90f50 DEOPT UNPACKING pc=0x000001f9a7093aa2 sp=0x0000005824bfd6f8 mode 2
Event: 19.505 Thread 0x000001f9faf90f50 DEOPT PACKING pc=0x000001f9a075cafe sp=0x0000005824bfd420
Event: 19.505 Thread 0x000001f9faf90f50 DEOPT UNPACKING pc=0x000001f9a7094242 sp=0x0000005824bfc900 mode 0

Classes loaded (20 events):
Event: 15.733 Loading class java/util/stream/ReferencePipeline$4
Event: 15.733 Loading class java/util/stream/IntPipeline$StatelessOp
Event: 15.734 Loading class java/util/stream/IntPipeline
Event: 15.741 Loading class java/util/stream/IntStream
Event: 15.742 Loading class java/util/stream/IntStream done
Event: 15.742 Loading class java/util/stream/IntPipeline done
Event: 15.743 Loading class java/util/stream/IntPipeline$StatelessOp done
Event: 15.743 Loading class java/util/stream/ReferencePipeline$4 done
Event: 15.744 Loading class java/util/stream/Nodes$IntFixedNodeBuilder
Event: 15.745 Loading class java/util/stream/Node$Builder$OfInt
Event: 15.745 Loading class java/util/stream/Sink$OfInt
Event: 15.745 Loading class java/util/stream/Sink$OfInt done
Event: 15.745 Loading class java/util/stream/Node$Builder$OfInt done
Event: 15.746 Loading class java/util/stream/Nodes$IntArrayNode
Event: 15.746 Loading class java/util/stream/Nodes$IntArrayNode done
Event: 15.746 Loading class java/util/stream/Nodes$IntFixedNodeBuilder done
Event: 15.747 Loading class java/util/stream/ReferencePipeline$4$1
Event: 15.747 Loading class java/util/stream/ReferencePipeline$4$1 done
Event: 18.323 Loading class jdk/internal/module/IllegalAccessLogger
Event: 18.323 Loading class jdk/internal/module/IllegalAccessLogger done

Classes unloaded (7 events):
Event: 6.013 Thread 0x000001f99a67ec30 Unloading class 0x000001f9b219cc00 'java/lang/invoke/LambdaForm$MH+0x000001f9b219cc00'
Event: 6.013 Thread 0x000001f99a67ec30 Unloading class 0x000001f9b219c800 'java/lang/invoke/LambdaForm$MH+0x000001f9b219c800'
Event: 6.013 Thread 0x000001f99a67ec30 Unloading class 0x000001f9b219c400 'java/lang/invoke/LambdaForm$MH+0x000001f9b219c400'
Event: 6.013 Thread 0x000001f99a67ec30 Unloading class 0x000001f9b219c000 'java/lang/invoke/LambdaForm$MH+0x000001f9b219c000'
Event: 6.013 Thread 0x000001f99a67ec30 Unloading class 0x000001f9b219bc00 'java/lang/invoke/LambdaForm$BMH+0x000001f9b219bc00'
Event: 6.013 Thread 0x000001f99a67ec30 Unloading class 0x000001f9b219b800 'java/lang/invoke/LambdaForm$DMH+0x000001f9b219b800'
Event: 6.013 Thread 0x000001f99a67ec30 Unloading class 0x000001f9b219a400 'java/lang/invoke/LambdaForm$DMH+0x000001f9b219a400'

Classes redefined (0 events):
No events

Internal exceptions (20 events):
Event: 9.339 Thread 0x000001f9faf90f50 Exception <a 'java/io/FileNotFoundException'{0x00000000eac95640}> (0x00000000eac95640) 
thrown [s\src\hotspot\share\prims\jni.cpp, line 520]
Event: 9.340 Thread 0x000001f9faf90f50 Exception <a 'java/io/FileNotFoundException'{0x00000000eac969d8}> (0x00000000eac969d8) 
thrown [s\src\hotspot\share\prims\jni.cpp, line 520]
Event: 9.341 Thread 0x000001f9faf90f50 Exception <a 'java/io/FileNotFoundException'{0x00000000ead02430}> (0x00000000ead02430) 
thrown [s\src\hotspot\share\prims\jni.cpp, line 520]
Event: 9.864 Thread 0x000001f9f94a2d20 Exception <a 'java/lang/NoClassDefFoundError'{0x00000000ebca6fc0}: com/google/inject/servlet/ServletModuleTargetVisitor> (0x00000000ebca6fc0) 
thrown [s\src\hotspot\share\classfile\systemDictionary.cpp, line 301]
Event: 10.141 Thread 0x000001f9faf90230 Exception <a 'java/lang/IncompatibleClassChangeError'{0x00000000ebb73608}: Found class java.lang.Object, but interface was expected> (0x00000000ebb73608) 
thrown [s\src\hotspot\share\interpreter\linkResolver.cpp, line 840]
Event: 10.614 Thread 0x000001f9faf90f50 Exception <a 'sun/nio/fs/WindowsException'{0x00000000eb0e7200}> (0x00000000eb0e7200) 
thrown [s\src\hotspot\share\prims\jni.cpp, line 520]
Event: 10.619 Thread 0x000001f9fb667c40 Exception <a 'sun/nio/fs/WindowsException'{0x00000000eb16b360}> (0x00000000eb16b360) 
thrown [s\src\hotspot\share\prims\jni.cpp, line 520]
Event: 12.829 Thread 0x000001f9faf90f50 Exception <a 'java/lang/NoSuchMethodError'{0x00000000eab67dc0}: 'java.lang.Object java.lang.invoke.DirectMethodHandle$Holder.invokeStatic(java.lang.Object, java.lang.Object, int, int)'> (0x00000000eab67dc0) 
thrown [s\src\hotspot\share\interpreter\linkResolver.cpp, line 773]
Event: 12.830 Thread 0x000001f9faf90f50 Exception <a 'java/lang/NoSuchMethodError'{0x00000000eab6c0d0}: 'java.lang.Object java.lang.invoke.DirectMethodHandle$Holder.invokeSpecial(java.lang.Object, java.lang.Object, java.lang.Object, int, int)'> (0x00000000eab6c0d0) 
thrown [s\src\hotspot\share\interpreter\linkResolver.cpp, line 773]
Event: 13.812 Thread 0x000001f9faf90f50 Exception <a 'java/lang/NoSuchMethodError'{0x00000000eac1ef70}: 'int java.lang.invoke.DirectMethodHandle$Holder.invokeSpecialIFC(java.lang.Object, java.lang.Object, java.lang.Object)'> (0x00000000eac1ef70) 
thrown [s\src\hotspot\share\interpreter\linkResolver.cpp, line 773]
Event: 13.850 Thread 0x000001f9faf90f50 Implicit null exception at 0x000001f9a7795b46 to 0x000001f9a7795b8f
Event: 15.315 Thread 0x000001f9faf90f50 Exception <a 'java/lang/NoSuchMethodError'{0x00000000eab79b90}: 'java.lang.Object java.lang.invoke.DirectMethodHandle$Holder.newInvokeSpecial(java.lang.Object, java.lang.Object, int, int, java.lang.Object)'> (0x00000000eab79b90) 
thrown [s\src\hotspot\share\interpreter\linkResolver.cpp, line 773]
Event: 15.427 Thread 0x000001f9fbc51d30 Exception <a 'java/lang/NoSuchMethodError'{0x00000000eac6eb50}: 'void java.lang.invoke.DirectMethodHandle$Holder.invokeStatic(java.lang.Object, int, java.lang.Object)'> (0x00000000eac6eb50) 
thrown [s\src\hotspot\share\interpreter\linkResolver.cpp, line 773]
Event: 18.108 Thread 0x000001f9faf90f50 Exception <a 'sun/nio/fs/WindowsException'{0x00000000eadae8a8}> (0x00000000eadae8a8) 
thrown [s\src\hotspot\share\prims\jni.cpp, line 520]
Event: 18.110 Thread 0x000001f9fb667c40 Exception <a 'sun/nio/fs/WindowsException'{0x00000000eade1548}> (0x00000000eade1548) 
thrown [s\src\hotspot\share\prims\jni.cpp, line 520]
Event: 18.363 Thread 0x000001f9faf90f50 Exception <a 'sun/nio/fs/WindowsException'{0x00000000eac06100}> (0x00000000eac06100) 
thrown [s\src\hotspot\share\prims\jni.cpp, line 520]
Event: 18.363 Thread 0x000001f9faf90f50 Exception <a 'sun/nio/fs/WindowsException'{0x00000000eac70618}> (0x00000000eac70618) 
thrown [s\src\hotspot\share\prims\jni.cpp, line 520]
Event: 18.364 Thread 0x000001f9faf90f50 Exception <a 'sun/nio/fs/WindowsException'{0x00000000eac70fc0}> (0x00000000eac70fc0) 
thrown [s\src\hotspot\share\prims\jni.cpp, line 520]
Event: 18.364 Thread 0x000001f9faf90f50 Exception <a 'sun/nio/fs/WindowsException'{0x00000000eac715f0}> (0x00000000eac715f0) 
thrown [s\src\hotspot\share\prims\jni.cpp, line 520]
Event: 18.792 Thread 0x000001f9faf90f50 Exception <a 'java/lang/NoSuchMethodError'{0x00000000ead2a488}: 'void java.lang.invoke.DirectMethodHandle$Holder.invokeVirtual(java.lang.Object, java.lang.Object, int)'> (0x00000000ead2a488) 
thrown [s\src\hotspot\share\interpreter\linkResolver.cpp, line 773]

ZGC Phase Switch (0 events):
No events

VM Operations (20 events):
Event: 19.287 Executing VM operation: ParallelGCFailedAllocation (Allocation Failure) done
Event: 19.308 Executing VM operation: ParallelGCFailedAllocation (Allocation Failure)
Event: 19.313 Executing VM operation: ParallelGCFailedAllocation (Allocation Failure) done
Event: 19.331 Executing VM operation: ParallelGCFailedAllocation (Allocation Failure)
Event: 19.335 Executing VM operation: ParallelGCFailedAllocation (Allocation Failure) done
Event: 19.360 Executing VM operation: ParallelGCFailedAllocation (Allocation Failure)
Event: 19.368 Executing VM operation: ParallelGCFailedAllocation (Allocation Failure) done
Event: 19.387 Executing VM operation: ParallelGCFailedAllocation (Allocation Failure)
Event: 19.390 Executing VM operation: ParallelGCFailedAllocation (Allocation Failure) done
Event: 19.415 Executing VM operation: ParallelGCFailedAllocation (Allocation Failure)
Event: 19.419 Executing VM operation: ParallelGCFailedAllocation (Allocation Failure) done
Event: 19.443 Executing VM operation: ParallelGCFailedAllocation (Allocation Failure)
Event: 19.446 Executing VM operation: ParallelGCFailedAllocation (Allocation Failure) done
Event: 19.471 Executing VM operation: ParallelGCFailedAllocation (Allocation Failure)
Event: 19.474 Executing VM operation: ParallelGCFailedAllocation (Allocation Failure) done
Event: 19.522 Executing VM operation: ParallelGCFailedAllocation (Allocation Failure)
Event: 19.526 Executing VM operation: ParallelGCFailedAllocation (Allocation Failure) done
Event: 19.570 Executing VM operation: ParallelGCFailedAllocation (Allocation Failure)
Event: 19.573 Executing VM operation: ParallelGCFailedAllocation (Allocation Failure) done
Event: 19.606 Executing VM operation: ParallelGCFailedAllocation (Allocation Failure)

Memory protections (0 events):
No events

Nmethod flushes (20 events):
Event: 16.856 Thread 0x000001f99a67ec30 flushing  nmethod 0x000001f9a02ff910
Event: 16.856 Thread 0x000001f99a67ec30 flushing  nmethod 0x000001f9a0300290
Event: 16.856 Thread 0x000001f99a67ec30 flushing  nmethod 0x000001f9a0300e10
Event: 16.856 Thread 0x000001f99a67ec30 flushing  nmethod 0x000001f9a0304990
Event: 16.856 Thread 0x000001f99a67ec30 flushing  nmethod 0x000001f9a0306c90
Event: 16.856 Thread 0x000001f99a67ec30 flushing  nmethod 0x000001f9a0307590
Event: 16.856 Thread 0x000001f99a67ec30 flushing  nmethod 0x000001f9a0385810
Event: 16.856 Thread 0x000001f99a67ec30 flushing  nmethod 0x000001f9a0395290
Event: 16.857 Thread 0x000001f99a67ec30 flushing  nmethod 0x000001f9a039ad10
Event: 16.857 Thread 0x000001f99a67ec30 flushing  nmethod 0x000001f9a039e910
Event: 16.857 Thread 0x000001f99a67ec30 flushing  nmethod 0x000001f9a03ab710
Event: 16.857 Thread 0x000001f99a67ec30 flushing  nmethod 0x000001f9a03aba90
Event: 16.857 Thread 0x000001f99a67ec30 flushing  nmethod 0x000001f9a03ac390
Event: 16.857 Thread 0x000001f99a67ec30 flushing  nmethod 0x000001f9a03ba810
Event: 16.857 Thread 0x000001f99a67ec30 flushing  nmethod 0x000001f9a03fec10
Event: 16.857 Thread 0x000001f99a67ec30 flushing  nmethod 0x000001f9a03ffe10
Event: 16.857 Thread 0x000001f99a67ec30 flushing  nmethod 0x000001f9a0400d90
Event: 16.857 Thread 0x000001f99a67ec30 flushing  nmethod 0x000001f9a040a190
Event: 16.857 Thread 0x000001f99a67ec30 flushing  nmethod 0x000001f9a040fc10
Event: 16.857 Thread 0x000001f99a67ec30 flushing  nmethod 0x000001f9a0410c90

Events (20 events):
Event: 10.687 Thread 0x000001f9faf90f50 Thread added: 0x000001f9fb664e50
Event: 10.687 Thread 0x000001f9faf90f50 Thread added: 0x000001f9fbc4fc60
Event: 10.687 Thread 0x000001f9faf90f50 Thread added: 0x000001f9fbc4a710
Event: 10.687 Thread 0x000001f9fb664e50 Thread added: 0x000001f9fbc4c7e0
Event: 10.688 Thread 0x000001f9fbc4fc60 Thread added: 0x000001f9fbc50980
Event: 10.688 Thread 0x000001f9fbc4c7e0 Thread added: 0x000001f9fbc51010
Event: 10.688 Thread 0x000001f9fb6647c0 Thread added: 0x000001f9fbc4f5d0
Event: 10.688 Thread 0x000001f9fbc51010 Thread added: 0x000001f9fbc502f0
Event: 11.084 Thread 0x000001f9f94a2000 Thread exited: 0x000001f9f94a2000
Event: 15.195 Thread 0x000001f9faf90f50 Thread added: 0x000001f9fbc51d30
Event: 15.317 Thread 0x000001f9faf90f50 Thread added: 0x000001f9fbc4d500
Event: 15.334 Thread 0x000001f9faf90f50 Thread added: 0x000001f9fbc4ada0
Event: 15.334 Thread 0x000001f9faf90f50 Thread added: 0x000001f9fbc4e8b0
Event: 15.335 Thread 0x000001f9faf90f50 Thread added: 0x000001f9fbc4b430
Event: 15.335 Thread 0x000001f9faf90f50 Thread added: 0x000001f9fbc4bac0
Event: 15.336 Thread 0x000001f9faf90f50 Thread added: 0x000001f9fbc4c150
Event: 15.336 Thread 0x000001f9faf90f50 Thread added: 0x000001f9fbc4db90
Event: 15.456 Thread 0x000001f9faf90f50 Thread added: 0x000001f9fbc4e220
Event: 15.728 Thread 0x000001f9faf90f50 Thread added: 0x000001f9f94a2000
Event: 15.728 Thread 0x000001f9faf90f50 Thread added: 0x000001f9fc344900


Dynamic libraries:
0x00007ff746cf0000 - 0x00007ff746cfe000 	c:\Users\DIKSHA\.vscode\extensions\redhat.java-1.39.0-win32-x64\jre\21.0.5-win32-x86_64\bin\java.exe
0x00007fff33830000 - 0x00007fff33a47000 	C:\WINDOWS\SYSTEM32\ntdll.dll
0x00007fff33200000 - 0x00007fff332c4000 	C:\WINDOWS\System32\KERNEL32.DLL
0x00007fff30ea0000 - 0x00007fff3125a000 	C:\WINDOWS\System32\KERNELBASE.dll
0x00007fff31400000 - 0x00007fff31511000 	C:\WINDOWS\System32\ucrtbase.dll
0x00007fff16840000 - 0x00007fff1685e000 	c:\Users\DIKSHA\.vscode\extensions\redhat.java-1.39.0-win32-x64\jre\21.0.5-win32-x86_64\bin\VCRUNTIME140.dll
0x00007fff16c80000 - 0x00007fff16c98000 	c:\Users\DIKSHA\.vscode\extensions\redhat.java-1.39.0-win32-x64\jre\21.0.5-win32-x86_64\bin\jli.dll
0x00007fff31b10000 - 0x00007fff31cbe000 	C:\WINDOWS\System32\USER32.dll
0x00007fff31260000 - 0x00007fff31286000 	C:\WINDOWS\System32\win32u.dll
0x00007fff32e10000 - 0x00007fff32e39000 	C:\WINDOWS\System32\GDI32.dll
0x00007fff15550000 - 0x00007fff157e2000 	C:\WINDOWS\WinSxS\amd64_microsoft.windows.common-controls_6595b64144ccf1df_6.0.22621.4541_none_2710d1c57384c085\COMCTL32.dll
0x00007fff30ce0000 - 0x00007fff30dfb000 	C:\WINDOWS\System32\gdi32full.dll
0x00007fff30e00000 - 0x00007fff30e9a000 	C:\WINDOWS\System32\msvcp_win.dll
0x00007fff32e50000 - 0x00007fff32ef7000 	C:\WINDOWS\System32\msvcrt.dll
0x00007fff333c0000 - 0x00007fff333f1000 	C:\WINDOWS\System32\IMM32.DLL
0x00007fff296e0000 - 0x00007fff296ec000 	c:\Users\DIKSHA\.vscode\extensions\redhat.java-1.39.0-win32-x64\jre\21.0.5-win32-x86_64\bin\vcruntime140_1.dll
0x00007ffef0700000 - 0x00007ffef078d000 	c:\Users\DIKSHA\.vscode\extensions\redhat.java-1.39.0-win32-x64\jre\21.0.5-win32-x86_64\bin\msvcp140.dll
0x00007ffecf4f0000 - 0x00007ffed027f000 	c:\Users\DIKSHA\.vscode\extensions\redhat.java-1.39.0-win32-x64\jre\21.0.5-win32-x86_64\bin\server\jvm.dll
0x00007fff31520000 - 0x00007fff315d2000 	C:\WINDOWS\System32\ADVAPI32.dll
0x00007fff332e0000 - 0x00007fff33387000 	C:\WINDOWS\System32\sechost.dll
0x00007fff313d0000 - 0x00007fff313f8000 	C:\WINDOWS\System32\bcrypt.dll
0x00007fff33410000 - 0x00007fff33524000 	C:\WINDOWS\System32\RPCRT4.dll
0x00007fff32c20000 - 0x00007fff32c91000 	C:\WINDOWS\System32\WS2_32.dll
0x00007fff309c0000 - 0x00007fff30a0d000 	C:\WINDOWS\SYSTEM32\POWRPROF.dll
0x00007fff27140000 - 0x00007fff2714a000 	C:\WINDOWS\SYSTEM32\VERSION.dll
0x00007fff2c730000 - 0x00007fff2c764000 	C:\WINDOWS\SYSTEM32\WINMM.dll
0x00007fff308f0000 - 0x00007fff30903000 	C:\WINDOWS\SYSTEM32\UMPDC.dll
0x00007fff2fb00000 - 0x00007fff2fb18000 	C:\WINDOWS\SYSTEM32\kernel.appcore.dll
0x00007fff26f70000 - 0x00007fff26f7a000 	c:\Users\DIKSHA\.vscode\extensions\redhat.java-1.39.0-win32-x64\jre\21.0.5-win32-x86_64\bin\jimage.dll
0x00007fff2e610000 - 0x00007fff2e842000 	C:\WINDOWS\SYSTEM32\DBGHELP.DLL
0x00007fff31770000 - 0x00007fff31b01000 	C:\WINDOWS\System32\combase.dll
0x00007fff315e0000 - 0x00007fff316b7000 	C:\WINDOWS\System32\OLEAUT32.dll
0x00007fff28570000 - 0x00007fff285a2000 	C:\WINDOWS\SYSTEM32\dbgcore.DLL
0x00007fff30af0000 - 0x00007fff30b6b000 	C:\WINDOWS\System32\bcryptPrimitives.dll
0x00007fff267f0000 - 0x00007fff267ff000 	c:\Users\DIKSHA\.vscode\extensions\redhat.java-1.39.0-win32-x64\jre\21.0.5-win32-x86_64\bin\instrument.dll
0x00007fff16820000 - 0x00007fff1683f000 	c:\Users\DIKSHA\.vscode\extensions\redhat.java-1.39.0-win32-x64\jre\21.0.5-win32-x86_64\bin\java.dll
0x00007fff31cc0000 - 0x00007fff32539000 	C:\WINDOWS\System32\SHELL32.dll
0x00007fff2e9e0000 - 0x00007fff2f2e9000 	C:\WINDOWS\SYSTEM32\windows.storage.dll
0x00007fff2e8a0000 - 0x00007fff2e9df000 	C:\WINDOWS\SYSTEM32\wintypes.dll
0x00007fff32cc0000 - 0x00007fff32dba000 	C:\WINDOWS\System32\SHCORE.dll
0x00007fff32f00000 - 0x00007fff32f5e000 	C:\WINDOWS\System32\shlwapi.dll
0x00007fff30a20000 - 0x00007fff30a4b000 	C:\WINDOWS\SYSTEM32\profapi.dll
0x00007fff167b0000 - 0x00007fff167c8000 	c:\Users\DIKSHA\.vscode\extensions\redhat.java-1.39.0-win32-x64\jre\21.0.5-win32-x86_64\bin\zip.dll
0x00007fff1dd50000 - 0x00007fff1dd60000 	C:\Users\DIKSHA\.vscode\extensions\redhat.java-1.39.0-win32-x64\jre\21.0.5-win32-x86_64\bin\net.dll
0x00007fff2c540000 - 0x00007fff2c676000 	C:\WINDOWS\SYSTEM32\WINHTTP.dll
0x00007fff2ffb0000 - 0x00007fff30019000 	C:\WINDOWS\system32\mswsock.dll
0x00007fff0e8f0000 - 0x00007fff0e906000 	C:\Users\DIKSHA\.vscode\extensions\redhat.java-1.39.0-win32-x64\jre\21.0.5-win32-x86_64\bin\nio.dll
0x00007fff19470000 - 0x00007fff19480000 	c:\Users\DIKSHA\.vscode\extensions\redhat.java-1.39.0-win32-x64\jre\21.0.5-win32-x86_64\bin\verify.dll
0x00007fff004f0000 - 0x00007fff00535000 	C:\Users\DIKSHA\AppData\Roaming\Code\User\globalStorage\redhat.java\1.39.0\config_win\org.eclipse.equinox.launcher\org.eclipse.equinox.launcher.win32.win32.x86_64_1.2.1100.v20240722-2106\eclipse_11904.dll
0x00007fff33050000 - 0x00007fff331f5000 	C:\WINDOWS\System32\ole32.dll
0x00007fff30210000 - 0x00007fff3022b000 	C:\WINDOWS\SYSTEM32\CRYPTSP.dll
0x00007fff2fa60000 - 0x00007fff2fa95000 	C:\WINDOWS\system32\rsaenh.dll
0x00007fff300a0000 - 0x00007fff300c8000 	C:\WINDOWS\SYSTEM32\USERENV.dll
0x00007fff30200000 - 0x00007fff3020c000 	C:\WINDOWS\SYSTEM32\CRYPTBASE.dll
0x00007fff2f550000 - 0x00007fff2f57d000 	C:\WINDOWS\SYSTEM32\IPHLPAPI.DLL
0x00007fff32e40000 - 0x00007fff32e49000 	C:\WINDOWS\System32\NSI.dll
0x00007ffef8c00000 - 0x00007ffef8c49000 	C:\Users\DIKSHA\AppData\Local\Temp\jna-2016515686\jna17860206429495845734.dll
0x00007fff33390000 - 0x00007fff33398000 	C:\WINDOWS\System32\PSAPI.DLL
0x00007fff2cc30000 - 0x00007fff2cc49000 	C:\WINDOWS\SYSTEM32\dhcpcsvc6.DLL
0x00007fff2c370000 - 0x00007fff2c38f000 	C:\WINDOWS\SYSTEM32\dhcpcsvc.DLL

dbghelp: loaded successfully - version: 4.0.5 - missing functions: none
symbol engine: initialized successfully - sym options: 0x614 - pdb path: .;c:\Users\DIKSHA\.vscode\extensions\redhat.java-1.39.0-win32-x64\jre\21.0.5-win32-x86_64\bin;C:\WINDOWS\SYSTEM32;C:\WINDOWS\WinSxS\amd64_microsoft.windows.common-controls_6595b64144ccf1df_6.0.22621.4541_none_2710d1c57384c085;c:\Users\DIKSHA\.vscode\extensions\redhat.java-1.39.0-win32-x64\jre\21.0.5-win32-x86_64\bin\server;C:\Users\DIKSHA\AppData\Roaming\Code\User\globalStorage\redhat.java\1.39.0\config_win\org.eclipse.equinox.launcher\org.eclipse.equinox.launcher.win32.win32.x86_64_1.2.1100.v20240722-2106;C:\Users\DIKSHA\AppData\Local\Temp\jna-2016515686

VM Arguments:
jvm_args: --add-modules=ALL-SYSTEM --add-opens=java.base/java.util=ALL-UNNAMED --add-opens=java.base/java.lang=ALL-UNNAMED --add-opens=java.base/sun.nio.fs=ALL-UNNAMED -Declipse.application=org.eclipse.jdt.ls.core.id1 -Dosgi.bundles.defaultStartLevel=4 -Declipse.product=org.eclipse.jdt.ls.core.product -Djava.import.generatesMetadataFilesAtProjectRoot=false -DDetectVMInstallationsJob.disabled=true -Dfile.encoding=utf8 -XX:+UseParallelGC -XX:GCTimeRatio=4 -XX:AdaptiveSizePolicyWeight=90 -Dsun.zip.disableMemoryMapping=true -Xmx1G -Xms100m -Xlog:disable -javaagent:c:\Users\DIKSHA\.vscode\extensions\redhat.java-1.39.0-win32-x64\lombok\lombok-1.18.34.jar -XX:+HeapDumpOnOutOfMemoryError -XX:HeapDumpPath=c:\Users\DIKSHA\AppData\Roaming\Code\User\workspaceStorage\8b98c47f141e92d9ccc87d237d4c3e0f\redhat.java -Daether.dependencyCollector.impl=bf 
java_command: c:\Users\DIKSHA\.vscode\extensions\redhat.java-1.39.0-win32-x64\server\plugins\org.eclipse.equinox.launcher_1.6.900.v20240613-2009.jar -configuration c:\Users\DIKSHA\AppData\Roaming\Code\User\globalStorage\redhat.java\1.39.0\config_win -data c:\Users\DIKSHA\AppData\Roaming\Code\User\workspaceStorage\8b98c47f141e92d9ccc87d237d4c3e0f\redhat.java\jdt_ws --pipe=\\.\pipe\lsp-65838f999beea767e39238c3cb125cca-sock
java_class_path (initial): c:\Users\DIKSHA\.vscode\extensions\redhat.java-1.39.0-win32-x64\server\plugins\org.eclipse.equinox.launcher_1.6.900.v20240613-2009.jar
Launcher Type: SUN_STANDARD

[Global flags]
    uintx AdaptiveSizePolicyWeight                 = 90                                        {product} {command line}
     intx CICompilerCount                          = 4                                         {product} {ergonomic}
    uintx GCTimeRatio                              = 4                                         {product} {command line}
     bool HeapDumpOnOutOfMemoryError               = true                                   {manageable} {command line}
    ccstr HeapDumpPath                             = c:\Users\DIKSHA\AppData\Roaming\Code\User\workspaceStorage\8b98c47f141e92d9ccc87d237d4c3e0f\redhat.java         {manageable} {command line}
   size_t InitialHeapSize                          = 104857600                                 {product} {command line}
   size_t MaxHeapSize                              = 1073741824                                {product} {command line}
   size_t MaxNewSize                               = 357564416                                 {product} {ergonomic}
   size_t MinHeapDeltaBytes                        = 524288                                    {product} {ergonomic}
   size_t MinHeapSize                              = 104857600                                 {product} {command line}
   size_t NewSize                                  = 34603008                                  {product} {ergonomic}
    uintx NonNMethodCodeHeapSize                   = 5839372                                {pd product} {ergonomic}
    uintx NonProfiledCodeHeapSize                  = 122909434                              {pd product} {ergonomic}
   size_t OldSize                                  = 70254592                                  {product} {ergonomic}
    uintx ProfiledCodeHeapSize                     = 122909434                              {pd product} {ergonomic}
    uintx ReservedCodeCacheSize                    = 251658240                              {pd product} {ergonomic}
     bool SegmentedCodeCache                       = true                                      {product} {ergonomic}
   size_t SoftMaxHeapSize                          = 1073741824                             {manageable} {ergonomic}
     bool UseCompressedOops                        = true                           {product lp64_product} {ergonomic}
     bool UseLargePagesIndividualAllocation        = false                                  {pd product} {ergonomic}
     bool UseParallelGC                            = true                                      {product} {command line}

Logging:
Log output configuration:
 #0: stdout all=off uptime,level,tags foldmultilines=false
 #1: stderr all=off uptime,level,tags foldmultilines=false

Environment Variables:
JAVA_HOME=C:\Program Files\Java\jdk-21
PATH=C:\Program Files\Common Files\Oracle\Java\javapath;C:\Program Files (x86)\VMware\VMware Player\bin\;C:\WINDOWS\system32;C:\WINDOWS;C:\WINDOWS\System32\Wbem;C:\WINDOWS\System32\WindowsPowerShell\v1.0\;C:\WINDOWS\System32\OpenSSH\;C:\Program Files\MongoDB\Server\5.0\bin;C:\Program Files\Git\cmd;C:\Program Files\Java\jdk-19\bin;C:\Users\DIKSHA\Downloads\flutter_windows_3.7.1-stable\flutter\bin;C:\Program Files\Microsoft SQL Server\150\Tools\Binn\;C:\Program Files\Microsoft SQL Server\Client SDK\ODBC\170\Tools\Binn\;C:\Program Files\MySQL\MySQL Server 8.0\bin;C:\Users\DIKSHA\AppData\Roaming\nvm;C:\Program Files\nodejs;C:\Program Files\Docker\Docker\resources\bin;C:\Program Files\dotnet\;C:\Program Files (x86)\Windows Kits\10\Windows Performance Toolkit\;C:\Program Files\MySQL\MySQL Shell 8.0\bin\;C:\Users\DIKSHA\AppData\Local\Microsoft\WindowsApps;C:\Users\DIKSHA\AppData\Local\Programs\Microsoft VS Code\bin;C:\Users\DIKSHA\AppData\Roaming\npm;C:\Program Files (x86)\mingw-w64\i686-8.1.0-posix-dwarf-rt_v6-rev0\mingw32\bin;C:\Users\DIKSHA\AppData\Local\GitHubDesktop\bin;C:\Users\DIKSHA\.dotnet\tools
USERNAME=DIKSHA
OS=Windows_NT
PROCESSOR_IDENTIFIER=AMD64 Family 23 Model 104 Stepping 1, AuthenticAMD
TMP=C:\Users\DIKSHA\AppData\Local\Temp
TEMP=C:\Users\DIKSHA\AppData\Local\Temp




Periodic native trim disabled

---------------  S Y S T E M  ---------------

OS:
 Windows 11 , 64 bit Build 22621 (10.0.22621.4391)
OS uptime: 17 days 5:43 hours
Hyper-V role detected

CPU: total 12 (initial active 12) (12 cores per cpu, 2 threads per core) family 23 model 104 stepping 1 microcode 0x0, cx8, cmov, fxsr, ht, mmx, 3dnowpref, sse, sse2, sse3, ssse3, sse4a, sse4.1, sse4.2, popcnt, lzcnt, tsc, tscinvbit, avx, avx2, aes, clmul, bmi1, bmi2, adx, sha, fma, vzeroupper, clflush, clflushopt, hv, rdtscp, rdpid, f16c
Processor Information for all 12 processors :
  Max Mhz: 2100, Current Mhz: 2100, Mhz Limit: 2100

Memory: 4k page, system-wide physical 6005M (81M free)
TotalPageFile size 24437M (AvailPageFile size 4M)
current process WorkingSet (physical memory assigned to process): 391M, peak: 450M
current process commit charge ("private bytes"): 507M, peak: 945M

vm_info: OpenJDK 64-Bit Server VM (21.0.5+11-LTS) for windows-amd64 JRE (21.0.5+11-LTS), built on 2024-10-15T00:00:00Z by "admin" with MS VC++ 17.7 (VS2022)

END.
